<?xml version="1.0" encoding="UTF-8"?>
<!-- Generated by org.testng.reporters.JUnitReportReporter -->
<testsuite hostname="LAPTOP-HLE9GVOB" failures="0" tests="3" name="com.recentprgm.HomePage" time="19.952" errors="0" timestamp="25 Mar 2026 19:31:58 GMT">
  <testcase classname="com.recentprgm.HomePage" name="validateLogin" time="0.083"/>
  <testcase classname="com.recentprgm.HomePage" name="screenShot" time="13.493"/>
  <testcase classname="com.recentprgm.HomePage" name="searchBus" time="6.376"/>
</testsuite> <!-- com.recentprgm.HomePage -->
