<?xml version="1.0" encoding="UTF-8"?>
<testng-results total="3" passed="3" failed="0" skipped="0">
  <reporter-output>
  </reporter-output>
  <suite started-at="2026-03-25T19:31:04Z" name="Default suite" finished-at="2026-03-25T19:31:58Z" duration-ms="53311">
    <groups>
    </groups>
    <test started-at="2026-03-25T19:31:04Z" name="Default test" finished-at="2026-03-25T19:31:58Z" duration-ms="53311">
      <class name="com.recentprgm.HomePage">
        <test-method is-config="true" signature="launch()[pri:0, instance:com.recentprgm.HomePage@48d61b48]" started-at="2026-03-26T01:01:04Z" name="launch" finished-at="2026-03-26T01:01:38Z" duration-ms="33317" status="PASS">
          <reporter-output>
          </reporter-output>
        </test-method> <!-- launch -->
        <test-method signature="validateLogin()[pri:0, instance:com.recentprgm.HomePage@48d61b48]" started-at="2026-03-26T01:01:38Z" name="validateLogin" finished-at="2026-03-26T01:01:38Z" duration-ms="83" status="PASS">
          <reporter-output>
          </reporter-output>
        </test-method> <!-- validateLogin -->
        <test-method signature="searchBus()[pri:0, instance:com.recentprgm.HomePage@48d61b48]" started-at="2026-03-26T01:01:38Z" name="searchBus" finished-at="2026-03-26T01:01:44Z" duration-ms="6376" status="PASS">
          <reporter-output>
          </reporter-output>
        </test-method> <!-- searchBus -->
        <test-method signature="screenShot()[pri:0, instance:com.recentprgm.HomePage@48d61b48]" started-at="2026-03-26T01:01:44Z" name="screenShot" finished-at="2026-03-26T01:01:58Z" duration-ms="13493" status="PASS">
          <reporter-output>
          </reporter-output>
        </test-method> <!-- screenShot -->
        <test-method is-config="true" signature="browserQuit()[pri:0, instance:com.recentprgm.HomePage@48d61b48]" started-at="2026-03-26T01:01:58Z" name="browserQuit" finished-at="2026-03-26T01:01:58Z" duration-ms="5" status="PASS">
          <reporter-output>
          </reporter-output>
        </test-method> <!-- browserQuit -->
      </class> <!-- com.recentprgm.HomePage -->
    </test> <!-- Default test -->
  </suite> <!-- Default suite -->
</testng-results>
