<?xml version="1.0" encoding="UTF-8"?>
<!-- Generated by org.testng.reporters.JUnitXMLReporter -->
<testsuite ignored="0" hostname="DESKTOP-IFGLT95" failures="0" tests="5" name="InvoiceSearchbyInvoiceStatus" time="115.16" errors="0" timestamp="23 Feb 2021 09:30:19 GMT">
  <testcase classname="invoicesModule.InvoiceSearchbyAllStatus" name="InvoiceSearchbyVendor" time="8.216"/>
  <testcase classname="invoicesModule.InvoiceSearchbyAllStatus" name="InvoiceSearchbyVendor" time="13.464"/>
  <testcase classname="invoicesModule.InvoiceSearchbyAllStatus" name="InvoiceSearchbyVendor" time="12.26"/>
  <testcase classname="invoicesModule.InvoiceSearchbyAllStatus" name="InvoiceSearchbyVendor" time="26.1"/>
  <testcase classname="invoicesModule.InvoiceSearchbyAllStatus" name="InvoiceSearchbyVendor" time="39.009"/>
</testsuite> <!-- InvoiceSearchbyInvoiceStatus -->
