<?xml version="1.0" encoding="UTF-8"?>
<!-- Generated by org.testng.reporters.JUnitXMLReporter -->
<testsuite ignored="0" hostname="DESKTOP-IFGLT95" failures="1" tests="1" name="DedicatedAccessAssetCreate" time="49.778" errors="0" timestamp="24 Feb 2021 09:46:33 GMT">
  <testcase classname="invoicesModule.DedicatedAccessAssetCreation" name="DedicatedAccessAssetCreate" time="33.882">
    <failure type="org.openqa.selenium.NoSuchElementException" message="Cannot locate option with index: 1
For documentation on this error, please visit: https://www.seleniumhq.org/exceptions/no_such_element.html
Build info: version: &amp;apos;3.141.59&amp;apos;, revision: &amp;apos;e82be7d358&amp;apos;, time: &amp;apos;2018-11-14T08:25:48&amp;apos;
System info: host: &amp;apos;DESKTOP-IFGLT95&amp;apos;, ip: &amp;apos;192.168.1.11&amp;apos;, os.name: &amp;apos;Windows 10&amp;apos;, os.arch: &amp;apos;amd64&amp;apos;, os.version: &amp;apos;10.0&amp;apos;, java.version: &amp;apos;11&amp;apos;
Driver info: driver.version: unknown">
      <![CDATA[org.openqa.selenium.NoSuchElementException: Cannot locate option with index: 1
For documentation on this error, please visit: https://www.seleniumhq.org/exceptions/no_such_element.html
Build info: version: '3.141.59', revision: 'e82be7d358', time: '2018-11-14T08:25:48'
System info: host: 'DESKTOP-IFGLT95', ip: '192.168.1.11', os.name: 'Windows 10', os.arch: 'amd64', os.version: '10.0', java.version: '11'
Driver info: driver.version: unknown
at org.openqa.selenium.support.ui.Select.setSelectedByIndex(Select.java:297)
at org.openqa.selenium.support.ui.Select.selectByIndex(Select.java:172)
at invoicesModule.CommonMethods.accountSearchMethod(CommonMethods.java:44)
at invoicesModule.DedicatedAccessAssetCreation.newDedicatedAccessAssetDetailEntry(DedicatedAccessAssetCreation.java:92)
at invoicesModule.DedicatedAccessAssetCreation.assetsModuleMethod(DedicatedAccessAssetCreation.java:64)
at invoicesModule.DedicatedAccessAssetCreation.DedicatedAccessAssetCreate(DedicatedAccessAssetCreation.java:40)
... Removed 24 stack frames]]>
    </failure>
  </testcase> <!-- DedicatedAccessAssetCreate -->
</testsuite> <!-- DedicatedAccessAssetCreate -->
