<?xml version="1.0" encoding="UTF-8"?>
<!-- Generated by org.testng.reporters.JUnitXMLReporter -->
<testsuite ignored="0" hostname="DESKTOP-IFGLT95" failures="1" tests="1" name="LDAssetCreate" time="52.137" errors="0" timestamp="24 Feb 2021 09:52:19 GMT">
  <testcase classname="invoicesModule.LDAssetCreationVoice" name="LDAssetCreate" time="41.581">
    <failure type="java.io.FileNotFoundException" message="c:\Personal\scriptsscreenshots\LD_asset_alert.png (The system cannot find the path specified)">
      <![CDATA[java.io.FileNotFoundException: c:\Personal\scriptsscreenshots\LD_asset_alert.png (The system cannot find the path specified)
at java.base/java.io.FileOutputStream.open0(Native Method)
at java.base/java.io.FileOutputStream.open(FileOutputStream.java:298)
at java.base/java.io.FileOutputStream.<init>(FileOutputStream.java:237)
at com.google.common.io.Files$FileByteSink.openStream(Files.java:192)
at com.google.common.io.Files$FileByteSink.openStream(Files.java:180)
at com.google.common.io.ByteSource.copyTo(ByteSource.java:268)
at com.google.common.io.Files.copy(Files.java:319)
at invoicesModule.LDAssetCreationVoice.newLDAssetDetailEntry(LDAssetCreationVoice.java:172)
at invoicesModule.LDAssetCreationVoice.assetsModuleMethod(LDAssetCreationVoice.java:85)
at invoicesModule.LDAssetCreationVoice.LDAssetCreate(LDAssetCreationVoice.java:61)
... Removed 24 stack frames]]>
    </failure>
  </testcase> <!-- LDAssetCreate -->
</testsuite> <!-- LDAssetCreate -->
